{"type":"operationStart","subtype":"profile","data":{"_id":"ceUYMJi6rXIzzWSS","timestamp":"2024-01-09T20:26:54.694Z","state":"queued","mode":"standard","creationDate":"2024-01-09T20:26:54.696Z","modificationDate":"2024-01-09T20:26:54.696Z","shortid":"u_RNcBJ","$entitySet":"profiles"},"doDiffs":false,"timestamp":1704832014695,"id":"2jg4q1wqf16vxul","previousOperationId":null,"operationId":"2zhtkap97dcjbgm"}
{"type":"log","level":"info","message":"Render request 1 queued for execution and waiting for available worker","previousOperationId":"2zhtkap97dcjbgm","timestamp":1704832014695,"id":"hfeot9baalizocd"}
{"type":"operationStart","subtype":"render","name":"orders-main","previousOperationId":"2zhtkap97dcjbgm","timestamp":1704832014710,"id":"162j8x6w6yo0gvw","previousEventId":"2jg4q1wqf16vxul","operationId":"ni8tlc056au0xv5"}
{"type":"log","timestamp":1704832014711,"level":"info","message":"Starting rendering request 1","meta":{"rootId":"k9l9jv6lxtjtb79","id":"k9l9jv6lxtjtb79"},"id":"ko3992pbxuntnbb","previousOperationId":"ni8tlc056au0xv5"}
{"type":"log","timestamp":1704832014712,"level":"info","message":"Rendering template { name: orders-main, recipe: chrome-pdf, engine: handlebars, preview: true }","meta":{"rootId":"k9l9jv6lxtjtb79","id":"k9l9jv6lxtjtb79"},"id":"z1guvckrssu12nt","previousOperationId":"ni8tlc056au0xv5"}
{"type":"log","timestamp":1704832014713,"level":"debug","message":"Data item not defined for this template.","meta":{"rootId":"k9l9jv6lxtjtb79","id":"k9l9jv6lxtjtb79"},"id":"rgln102qiddm0jm","previousOperationId":"ni8tlc056au0xv5"}
{"type":"log","timestamp":1704832014716,"level":"debug","message":"Executing script orders-script (beforeRender)","meta":{"rootId":"k9l9jv6lxtjtb79","id":"k9l9jv6lxtjtb79"},"id":"i8q988j1rj8vjlk","previousOperationId":"ni8tlc056au0xv5"}
{"type":"operationStart","subtype":"scriptsBeforeRender","name":"scripts beforeRender","timestamp":1704832014823,"id":"3y440kz95g8fd8d","previousEventId":"162j8x6w6yo0gvw","operationId":"xwr0e445okl51vp","previousOperationId":"ni8tlc056au0xv5"}
{"type":"operationStart","subtype":"script","name":"scripts orders-script","previousOperationId":"xwr0e445okl51vp","timestamp":1704832014823,"id":"xzy20j1cp207cn8","previousEventId":"3y440kz95g8fd8d","operationId":"yu75dn4n586f8lf"}
{"type":"operationEnd","operationId":"yu75dn4n586f8lf","timestamp":1704832016211,"id":"4vqlas4trvglqzl","previousEventId":"162j8x6w6yo0gvw","previousOperationId":"ni8tlc056au0xv5"}
{"type":"operationEnd","operationId":"xwr0e445okl51vp","timestamp":1704832016211,"id":"buepzdl5b9lr2oc","previousEventId":"4vqlas4trvglqzl","previousOperationId":"ni8tlc056au0xv5"}
{"type":"log","timestamp":1704832016211,"level":"debug","message":"Base url not specified, skipping its injection.","meta":{"rootId":"k9l9jv6lxtjtb79","id":"k9l9jv6lxtjtb79"},"id":"511wxyqb9pqsar8","previousOperationId":"xwr0e445okl51vp"}
{"type":"operationStart","subtype":"engine","name":"handlebars","timestamp":1704832016212,"id":"ognjjeh8en6vcor","previousEventId":"buepzdl5b9lr2oc","operationId":"wx6ixy9bxf1msj5","previousOperationId":"xwr0e445okl51vp"}
{"type":"log","timestamp":1704832016212,"level":"debug","message":"Rendering engine handlebars","meta":{"rootId":"k9l9jv6lxtjtb79","id":"k9l9jv6lxtjtb79"},"id":"xmo1ri0w5kfekqk","previousOperationId":"wx6ixy9bxf1msj5"}
{"type":"log","timestamp":1704832016370,"level":"debug","message":"(console:log) Pdf utils adding group field, value: \"France\"","meta":{"userLevel":true,"rootId":"k9l9jv6lxtjtb79","id":"k9l9jv6lxtjtb79"},"id":"jbdjipwwu16hdzb","previousOperationId":"wx6ixy9bxf1msj5"}
{"type":"log","timestamp":1704832016371,"level":"debug","message":"(console:log) Pdf utils adding group field, value: \"Germany\"","meta":{"userLevel":true,"rootId":"k9l9jv6lxtjtb79","id":"k9l9jv6lxtjtb79"},"id":"sdoddoti26rpazk","previousOperationId":"wx6ixy9bxf1msj5"}
{"type":"operationEnd","operationId":"wx6ixy9bxf1msj5","timestamp":1704832016371,"id":"h6w43nlxt3f0yoy","previousEventId":"ognjjeh8en6vcor","previousOperationId":"wx6ixy9bxf1msj5"}
{"type":"operationStart","subtype":"recipe","name":"chrome-pdf","timestamp":1704832016372,"id":"yi289db2khppgmb","previousEventId":"h6w43nlxt3f0yoy","operationId":"9dxfgy9pup0sj6t","previousOperationId":"wx6ixy9bxf1msj5"}
{"type":"log","timestamp":1704832016372,"level":"debug","message":"Executing recipe chrome-pdf","meta":{"rootId":"k9l9jv6lxtjtb79","id":"k9l9jv6lxtjtb79"},"id":"tvi1xq1ztihg1r5","previousOperationId":"9dxfgy9pup0sj6t"}
{"type":"log","timestamp":1704832016891,"level":"debug","message":"Converting with chrome HeadlessChrome/117.0.5938.149 using chrome-pool strategy","meta":{"rootId":"k9l9jv6lxtjtb79","id":"k9l9jv6lxtjtb79"},"id":"m7o7en4ya0nx875","previousOperationId":"9dxfgy9pup0sj6t"}
{"type":"log","timestamp":1704832017014,"level":"debug","message":"Page request: GET (document) file:///tmp/jsreport/autocleanup/c511155c-4b25-429e-91ee-8b44a123e9f4-chrome-pdf.html","meta":{"rootId":"k9l9jv6lxtjtb79","id":"k9l9jv6lxtjtb79"},"id":"oxnuq3k4q77gyk0","previousOperationId":"9dxfgy9pup0sj6t"}
{"type":"log","timestamp":1704832017026,"level":"debug","message":"Page request: GET (stylesheet) https://cdnjs.cloudflare.com/ajax/libs/metro/4.1.5/css/metro.min.css","meta":{"rootId":"k9l9jv6lxtjtb79","id":"k9l9jv6lxtjtb79"},"id":"z9w4kjvp2by2n4y","previousOperationId":"9dxfgy9pup0sj6t"}
{"type":"log","timestamp":1704832017027,"level":"debug","message":"Page request: GET (script) https://cdnjs.cloudflare.com/ajax/libs/Chart.js/2.7.2/Chart.min.js","meta":{"rootId":"k9l9jv6lxtjtb79","id":"k9l9jv6lxtjtb79"},"id":"19lz4s1psvl35ml","previousOperationId":"9dxfgy9pup0sj6t"}
{"type":"log","timestamp":1704832017027,"level":"debug","message":"Page request finished: GET (document) 200 file:///tmp/jsreport/autocleanup/c511155c-4b25-429e-91ee-8b44a123e9f4-chrome-pdf.html","meta":{"rootId":"k9l9jv6lxtjtb79","id":"k9l9jv6lxtjtb79"},"id":"atxxu2l4v5oelbz","previousOperationId":"9dxfgy9pup0sj6t"}
{"type":"log","timestamp":1704832017254,"level":"debug","message":"Page request finished: GET (script) 200 https://cdnjs.cloudflare.com/ajax/libs/Chart.js/2.7.2/Chart.min.js","meta":{"rootId":"k9l9jv6lxtjtb79","id":"k9l9jv6lxtjtb79"},"id":"0m07b296ineqbb8","previousOperationId":"9dxfgy9pup0sj6t"}
{"type":"log","timestamp":1704832017289,"level":"debug","message":"Page request finished: GET (stylesheet) 200 https://cdnjs.cloudflare.com/ajax/libs/metro/4.1.5/css/metro.min.css","meta":{"rootId":"k9l9jv6lxtjtb79","id":"k9l9jv6lxtjtb79"},"id":"c58hv35tizhd10f","previousOperationId":"9dxfgy9pup0sj6t"}
{"type":"log","timestamp":1704832017347,"level":"debug","message":"Running chrome with params {\"printBackground\":true,\"marginTop\":\"4cm\",\"marginRight\":\"1.5cm\",\"marginBottom\":\"1.5cm\",\"marginLeft\":\"1.5cm\",\"waitForJS\":false,\"timeout\":58184,\"margin\":{\"top\":\"4cm\",\"right\":\"1.5cm\",\"bottom\":\"1.5cm\",\"left\":\"1.5cm\"}}","meta":{"rootId":"k9l9jv6lxtjtb79","id":"k9l9jv6lxtjtb79"},"id":"2fkjz615eqyw6ev","previousOperationId":"9dxfgy9pup0sj6t"}
{"type":"operationEnd","operationId":"9dxfgy9pup0sj6t","timestamp":1704832017422,"id":"dtf5q1q80pmv1o4","previousEventId":"yi289db2khppgmb","previousOperationId":"9dxfgy9pup0sj6t"}
{"type":"log","timestamp":1704832017423,"level":"info","message":"pdf-utils is starting pdf processing","meta":{"rootId":"k9l9jv6lxtjtb79","id":"k9l9jv6lxtjtb79"},"id":"41xkahw384umzw8","previousOperationId":"9dxfgy9pup0sj6t"}
{"type":"operationStart","subtype":"pdfUtils","name":"pdf utils","timestamp":1704832017588,"id":"3gwbjeyel7boiy9","previousEventId":"dtf5q1q80pmv1o4","operationId":"8jborb39rlzdymo","previousOperationId":"9dxfgy9pup0sj6t"}
{"type":"log","timestamp":1704832017588,"level":"debug","message":"pdf-utils detected 1 pdf operation(s) to process","meta":{"rootId":"k9l9jv6lxtjtb79","id":"k9l9jv6lxtjtb79"},"id":"dbnx2se2hr3cgiw","previousOperationId":"8jborb39rlzdymo"}
{"type":"log","timestamp":1704832017757,"level":"debug","message":"pdf-utils running pdf operation merge","meta":{"rootId":"k9l9jv6lxtjtb79","id":"k9l9jv6lxtjtb79"},"id":"rh4jpuwxkat6jz4","previousOperationId":"8jborb39rlzdymo"}
{"type":"operationStart","subtype":"pdfUtilsMerge","name":"pdf utils merge","previousOperationId":"8jborb39rlzdymo","timestamp":1704832017757,"id":"e1oeemts6la1tuk","previousEventId":"3gwbjeyel7boiy9","operationId":"k1rztr3c7lfcg8f"}
{"type":"operationStart","subtype":"render","name":"orders-header","previousOperationId":"k1rztr3c7lfcg8f","timestamp":1704832017758,"id":"k4vqj9e89b5uqxd","previousEventId":"e1oeemts6la1tuk","operationId":"axu03iatmal4y1b"}
{"type":"log","timestamp":1704832017758,"level":"info","message":"Starting rendering (child) request","meta":{"rootId":"k9l9jv6lxtjtb79","id":"5atesc8wowciyl9"},"id":"omciyyb7z7e7vsb","previousOperationId":"axu03iatmal4y1b"}
{"type":"log","timestamp":1704832017758,"level":"info","message":"Rendering template { name: orders-header, recipe: chrome-pdf, engine: handlebars, preview: true }","meta":{"rootId":"k9l9jv6lxtjtb79","id":"5atesc8wowciyl9"},"id":"ej1oq4bv6kiq9y9","previousOperationId":"axu03iatmal4y1b"}
{"type":"log","timestamp":1704832017763,"level":"debug","message":"Inline data specified.","meta":{"rootId":"k9l9jv6lxtjtb79","id":"5atesc8wowciyl9"},"id":"1xshzmbj0sg7ana","previousOperationId":"axu03iatmal4y1b"}
{"type":"log","timestamp":1704832017765,"level":"debug","message":"Base url not specified, skipping its injection.","meta":{"rootId":"k9l9jv6lxtjtb79","id":"5atesc8wowciyl9"},"id":"ujqwq92lubkftx3","previousOperationId":"axu03iatmal4y1b"}
{"type":"operationStart","subtype":"engine","name":"handlebars","timestamp":1704832017765,"id":"ua2y5586ds4fi2m","previousEventId":"k4vqj9e89b5uqxd","operationId":"lexd92eh4144lpx","previousOperationId":"axu03iatmal4y1b"}
{"type":"log","timestamp":1704832017765,"level":"debug","message":"Rendering engine handlebars","meta":{"rootId":"k9l9jv6lxtjtb79","id":"5atesc8wowciyl9"},"id":"db5wnvd9mir6sfo","previousOperationId":"lexd92eh4144lpx"}
{"type":"operationEnd","operationId":"lexd92eh4144lpx","timestamp":1704832017820,"id":"4qbcveh10a2qwlk","previousEventId":"ua2y5586ds4fi2m","previousOperationId":"lexd92eh4144lpx"}
{"type":"operationStart","subtype":"recipe","name":"chrome-pdf","timestamp":1704832017821,"id":"eoq77f00qy4l99z","previousEventId":"4qbcveh10a2qwlk","operationId":"kej6khwnshlkvg4","previousOperationId":"lexd92eh4144lpx"}
{"type":"log","timestamp":1704832017821,"level":"debug","message":"Executing recipe chrome-pdf","meta":{"rootId":"k9l9jv6lxtjtb79","id":"5atesc8wowciyl9"},"id":"n16g3penoi0b8u8","previousOperationId":"kej6khwnshlkvg4"}
{"type":"log","timestamp":1704832017822,"level":"debug","message":"Converting with chrome HeadlessChrome/117.0.5938.149 using chrome-pool strategy","meta":{"rootId":"k9l9jv6lxtjtb79","id":"5atesc8wowciyl9"},"id":"pautnil93cwrugq","previousOperationId":"kej6khwnshlkvg4"}
{"type":"log","timestamp":1704832017843,"level":"debug","message":"Page request: GET (document) file:///tmp/jsreport/autocleanup/db5ef211-65f7-43b6-ada7-4ef0724dfec1-chrome-pdf.html","meta":{"rootId":"k9l9jv6lxtjtb79","id":"5atesc8wowciyl9"},"id":"udzlixt42mnvgfa","previousOperationId":"kej6khwnshlkvg4"}
{"type":"log","timestamp":1704832017853,"level":"debug","message":"Page request: GET (stylesheet) https://cdnjs.cloudflare.com/ajax/libs/metro/4.1.5/css/metro.min.css","meta":{"rootId":"k9l9jv6lxtjtb79","id":"5atesc8wowciyl9"},"id":"lhhwvoq2qgd1cra","previousOperationId":"kej6khwnshlkvg4"}
{"type":"log","timestamp":1704832017853,"level":"debug","message":"Page request finished: GET (document) 200 file:///tmp/jsreport/autocleanup/db5ef211-65f7-43b6-ada7-4ef0724dfec1-chrome-pdf.html","meta":{"rootId":"k9l9jv6lxtjtb79","id":"5atesc8wowciyl9"},"id":"theusu6o3ext3id","previousOperationId":"kej6khwnshlkvg4"}
{"type":"log","timestamp":1704832017864,"level":"debug","message":"Page request finished: GET (stylesheet) 200 https://cdnjs.cloudflare.com/ajax/libs/metro/4.1.5/css/metro.min.css","meta":{"rootId":"k9l9jv6lxtjtb79","id":"5atesc8wowciyl9"},"id":"ny9a1t78wvi7lf0","previousOperationId":"kej6khwnshlkvg4"}
{"type":"log","timestamp":1704832017870,"level":"debug","message":"Running chrome with params {\"printBackground\":true,\"marginTop\":\"1.5cm\",\"marginRight\":\"1.5cm\",\"marginLeft\":\"1.cm\",\"timeout\":56872,\"margin\":{\"top\":\"1.5cm\",\"right\":\"1.5cm\",\"left\":\"1.cm\"}}","meta":{"rootId":"k9l9jv6lxtjtb79","id":"5atesc8wowciyl9"},"id":"w6hg0nzgwmc8qjj","previousOperationId":"kej6khwnshlkvg4"}
{"type":"operationEnd","operationId":"kej6khwnshlkvg4","timestamp":1704832017889,"id":"0z5o73k7lupksnp","previousEventId":"eoq77f00qy4l99z","previousOperationId":"kej6khwnshlkvg4"}
{"type":"log","timestamp":1704832017890,"level":"debug","message":"Skipping storing report.","meta":{"rootId":"k9l9jv6lxtjtb79","id":"5atesc8wowciyl9"},"id":"63rm7b81t0wh5f4","previousOperationId":"kej6khwnshlkvg4"}
{"type":"log","timestamp":1704832017890,"level":"info","message":"Rendering (child) request finished in 3197 ms","meta":{"rootId":"k9l9jv6lxtjtb79","id":"5atesc8wowciyl9"},"id":"p5txr2m7lunvbef","previousOperationId":"kej6khwnshlkvg4"}
{"type":"operationEnd","subtype":"render","operationId":"axu03iatmal4y1b","timestamp":1704832017890,"id":"q6h2vf6dv5w0olo","previousEventId":"0z5o73k7lupksnp","previousOperationId":"kej6khwnshlkvg4"}
{"type":"operationEnd","operationId":"k1rztr3c7lfcg8f","timestamp":1704832017908,"id":"rgcqnt8pp06z5js","previousEventId":"e1oeemts6la1tuk","previousOperationId":"k1rztr3c7lfcg8f"}
{"type":"log","timestamp":1704832017908,"level":"debug","message":"pdf-utils postproces start","meta":{"rootId":"k9l9jv6lxtjtb79","id":"k9l9jv6lxtjtb79"},"id":"ffowlogflqqnbw3","previousOperationId":"k1rztr3c7lfcg8f"}
{"type":"log","timestamp":1704832017923,"level":"debug","message":"pdf-utils postproces end","meta":{"rootId":"k9l9jv6lxtjtb79","id":"k9l9jv6lxtjtb79"},"id":"2hjlw8l5hzsauik","previousOperationId":"k1rztr3c7lfcg8f"}
{"type":"operationEnd","operationId":"8jborb39rlzdymo","timestamp":1704832017923,"id":"0z9vcf9imqbqpba","previousEventId":"rgcqnt8pp06z5js","previousOperationId":"k1rztr3c7lfcg8f"}
{"type":"log","timestamp":1704832017923,"level":"info","message":"pdf-utils pdf processing was finished","meta":{"rootId":"k9l9jv6lxtjtb79","id":"k9l9jv6lxtjtb79"},"id":"dx4xk2ufm7c5u7x","previousOperationId":"8jborb39rlzdymo"}
{"type":"log","timestamp":1704832017923,"level":"debug","message":"Skipping storing report.","meta":{"rootId":"k9l9jv6lxtjtb79","id":"k9l9jv6lxtjtb79"},"id":"rq4vonxrvr6iokn","previousOperationId":"8jborb39rlzdymo"}
{"type":"log","timestamp":1704832017923,"level":"info","message":"Rendering request 1 finished in 3230 ms","meta":{"rootId":"k9l9jv6lxtjtb79","id":"k9l9jv6lxtjtb79"},"id":"9mrs7v3ban6oltp","previousOperationId":"8jborb39rlzdymo"}
{"type":"operationEnd","subtype":"render","operationId":"ni8tlc056au0xv5","timestamp":1704832017923,"id":"49443mq5ow8ocjd","previousEventId":"0z9vcf9imqbqpba","previousOperationId":"8jborb39rlzdymo"}
{"type":"operationEnd","doDiffs":false,"previousEventId":"2jg4q1wqf16vxul","previousOperationId":"2zhtkap97dcjbgm","operationId":"2zhtkap97dcjbgm","timestamp":1704832017932,"id":"6ts1wu4nr7xr19c"}
