2024-01-12T15:28:07.418Z - info: Initializing jsreport (version: 4.2.0, configuration file: jsreport.config.json, nodejs: 20.9.0)
2024-01-12T15:28:07.420Z - info: Searching for available extensions in /home/ruby/workspace/React_RoR/jsreportapp/
2024-01-12T15:28:07.430Z - info: Extensions location cache doesn't contain entry yet, crawling
2024-01-12T15:28:07.512Z - info: Found 35 extension(s)
2024-01-12T15:28:07.551Z - info: Using extension base@4.0.0
2024-01-12T15:28:07.554Z - info: Using extension child-templates@4.0.0
2024-01-12T15:28:07.556Z - info: Using extension cli@4.0.2
2024-01-12T15:28:07.556Z - info: Using extension components@4.0.0
2024-01-12T15:28:07.557Z - info: Using extension data@4.0.0
2024-01-12T15:28:07.558Z - info: Using extension express@4.0.1
2024-01-12T15:28:07.639Z - info: Using extension freeze@4.0.0
2024-01-12T15:28:07.640Z - info: Using extension fs-store@4.0.1
2024-01-12T15:28:07.676Z - info: Using extension handlebars@4.0.1
2024-01-12T15:28:07.676Z - info: Using extension import-export@4.0.2
2024-01-12T15:28:07.680Z - info: Using extension jsrender@4.0.0
2024-01-12T15:28:07.681Z - info: Using extension licensing@4.0.1
2024-01-12T15:28:07.684Z - info: Using extension localization@4.0.1
2024-01-12T15:28:07.684Z - info: Using extension npm@4.0.0
2024-01-12T15:28:07.686Z - info: Using extension pdf-utils@4.0.2
2024-01-12T15:28:07.687Z - info: Using extension reports@4.0.0
2024-01-12T15:28:07.688Z - info: Using extension tags@4.0.1
2024-01-12T15:28:07.689Z - info: Using extension text@4.0.0
2024-01-12T15:28:07.689Z - info: Using extension version-control@4.0.0
2024-01-12T15:28:07.694Z - info: Using extension assets@4.0.2
2024-01-12T15:28:07.698Z - info: Using extension authorization@4.0.0
2024-01-12T15:28:07.700Z - info: Using extension browser-client@4.0.0
2024-01-12T15:28:07.701Z - info: Using extension chrome-pdf@4.0.0
2024-01-12T15:28:07.703Z - info: Using extension docx@4.1.1
2024-01-12T15:28:07.704Z - info: Using extension html-to-xlsx@4.0.1
2024-01-12T15:28:07.819Z - info: html-to-xlsx detected chrome as available html engine
2024-01-12T15:28:07.819Z - info: Using extension pptx@4.1.0
2024-01-12T15:28:07.820Z - info: Using extension scheduling@4.0.0
2024-01-12T15:28:07.835Z - info: Using extension scripts@4.0.0
2024-01-12T15:28:07.835Z - info: Using extension static-pdf@4.0.0
2024-01-12T15:28:07.835Z - info: Using extension studio@4.0.2
2024-01-12T15:28:07.864Z - info: Using extension xlsx@4.0.2
2024-01-12T15:28:07.866Z - info: Using extension public-templates@4.0.0
2024-01-12T15:28:07.866Z - info: Using extension sample-template@4.0.0
2024-01-12T15:28:07.867Z - info: Using extension studio-theme-dark@4.0.0
2024-01-12T15:28:07.869Z - info: Using general timeout for rendering (reportTimeout: 60000)
2024-01-12T15:28:07.869Z - info: Using fs provider for template store.
2024-01-12T15:28:07.872Z - info: fs store is persisting using fs for /home/ruby/workspace/React_RoR/jsreportapp/data
2024-01-12T15:28:07.878Z - info: fs store is loading data
2024-01-12T15:28:07.882Z - info: fs store is initialized successfully
2024-01-12T15:28:07.890Z - info: Creating default express app.
2024-01-12T15:28:07.902Z - info: jsreport server successfully started on http port: 5488
2024-01-12T15:28:07.906Z - info: Verifying license key free
2024-01-12T15:28:07.907Z - info: Using free license
2024-01-12T15:28:07.922Z - info: Migrating templates chrome settings (waitForNetworkIddle -> waitForNetworkIdle)
2024-01-12T15:28:07.929Z - info: Migration successful
2024-01-12T15:28:07.997Z - info: Initializing worker threads
2024-01-12T15:28:08.420Z - info: 2 worker threads initialized in 423ms
2024-01-12T15:28:08.420Z - info: Starting temp files cleanup with 180000ms threshold
2024-01-12T15:28:08.421Z - info: reporter initialized
2024-01-12T15:37:55.248Z - error: Error when processing OData POST: /odata/assets Error: Entity name can not be empty
    at module.exports (/home/ruby/workspace/React_RoR/jsreportapp/node_modules/@jsreport/jsreport-core/lib/shared/createError.js:10:13)
    at module.exports (/home/ruby/workspace/React_RoR/jsreportapp/node_modules/@jsreport/jsreport-core/lib/main/validateEntityName.js:26:11)
    at Object.insert (/home/ruby/workspace/React_RoR/jsreportapp/node_modules/@jsreport/jsreport-core/lib/main/store/collection.js:123:7)
    at process.processTicksAndRejections (node:internal/process/task_queues:95:5)
2024-01-12T15:40:18.323Z - info: Render request 1 queued for execution and waiting for available worker rootId=g5ue76i6ffxclae, id=g5ue76i6ffxclae
2024-01-12T15:40:18.354Z - info: Starting rendering request 1 rootId=g5ue76i6ffxclae, id=g5ue76i6ffxclae
2024-01-12T15:40:18.354Z - info: Rendering template { name: activities-users-main, recipe: chrome-pdf, engine: handlebars, preview: true } rootId=g5ue76i6ffxclae, id=g5ue76i6ffxclae
2024-01-12T15:40:19.442Z - info: Rendering request 1 finished in 1120 ms rootId=g5ue76i6ffxclae, id=g5ue76i6ffxclae
2024-01-12T15:47:16.222Z - info: Render request 2 queued for execution and waiting for available worker rootId=wl3t7ewd6arn7kv, id=wl3t7ewd6arn7kv
2024-01-12T15:47:16.249Z - info: Starting rendering request 2 rootId=wl3t7ewd6arn7kv, id=wl3t7ewd6arn7kv
2024-01-12T15:47:16.249Z - info: Rendering template { name: activities-users-main, recipe: chrome-pdf, engine: handlebars, preview: true } rootId=wl3t7ewd6arn7kv, id=wl3t7ewd6arn7kv
2024-01-12T15:47:16.512Z - warn: Error when processing render request 2
(because) error when evaluating engine handlebars for template /Stillhigher/activities-users-main
(because) "pdfCreatePagesGroup" helper call failed
(because) "pdfCreatePagesGroup" was called with undefined parameter. One parameter was expected.

(sandbox.js line 3086:18)
Error: "pdfCreatePagesGroup" helper call failed
(because) "pdfCreatePagesGroup" was called with undefined parameter. One parameter was expected.
  at module.exports (/home/ruby/workspace/React_RoR/jsreportapp/node_modules/@jsreport/jsreport-core/lib/shared/createError.js:10:13)
  at WorkerReporter.createError (/home/ruby/workspace/React_RoR/jsreportapp/node_modules/@jsreport/jsreport-core/lib/shared/reporter.js:49:12)
  at getEnhancedHelperError (/home/ruby/workspace/React_RoR/jsreportapp/node_modules/@jsreport/jsreport-core/lib/worker/render/executeEngine.js:364:54)
  at Object.<anonymous> (/home/ruby/workspace/React_RoR/jsreportapp/node_modules/@jsreport/jsreport-core/lib/worker/render/executeEngine.js:370:15)
  at Object.<anonymous> (/home/ruby/workspace/React_RoR/jsreportapp/node_modules/@jsreport/jsreport-core/lib/worker/render/executeEngine.js:347:27)
  at Object.wrapper (/home/ruby/workspace/React_RoR/jsreportapp/node_modules/handlebars/dist/cjs/handlebars/internal/wrapHelper.js:15:19)
  at Object.main (eval at <anonymous> (eval at makeEvaluate (/home/ruby/workspace/React_RoR/jsreportapp/node_modules/@jsreport/ses/index.js:6142:27)), <anonymous>:14:155)
  at main (/home/ruby/workspace/React_RoR/jsreportapp/node_modules/handlebars/dist/cjs/handlebars/runtime.js:208:32)
  at ret (/home/ruby/workspace/React_RoR/jsreportapp/node_modules/handlebars/dist/cjs/handlebars/runtime.js:212:12)
  at Object.execute (/home/ruby/workspace/React_RoR/jsreportapp/node_modules/@jsreport/jsreport-handlebars/lib/handlebarsEngine.js:80:14)
  at Object.execute (/home/ruby/workspace/React_RoR/jsreportapp/node_modules/@jsreport/jsreport-handlebars/lib/worker.js:27:43)
  at executionFn (/home/ruby/workspace/React_RoR/jsreportapp/node_modules/@jsreport/jsreport-core/lib/worker/render/executeEngine.js:222:40)
  at eval (sandbox.js:3086:18)
  at async run (/home/ruby/workspace/React_RoR/jsreportapp/node_modules/@jsreport/jsreport-core/lib/worker/sandbox/createSandbox.js:132:18)
  at async WorkerReporter.runInSandbox [as _runInSandbox] (/home/ruby/workspace/React_RoR/jsreportapp/node_modules/@jsreport/jsreport-core/lib/worker/sandbox/runInSandbox.js:195:14)
  at async executeEngine (/home/ruby/workspace/React_RoR/jsreportapp/node_modules/@jsreport/jsreport-core/lib/worker/render/executeEngine.js:287:14)
wrapped by:
Error: Error when evaluating engine handlebars for template /Stillhigher/activities-users-main
(because) "pdfCreatePagesGroup" helper call failed
(because) "pdfCreatePagesGroup" was called with undefined parameter. One parameter was expected.
  at module.exports (/home/ruby/workspace/React_RoR/jsreportapp/node_modules/@jsreport/jsreport-core/lib/shared/createError.js:10:13)
  at WorkerReporter.createError (/home/ruby/workspace/React_RoR/jsreportapp/node_modules/@jsreport/jsreport-core/lib/shared/reporter.js:49:12)
  at executeEngine (/home/ruby/workspace/React_RoR/jsreportapp/node_modules/@jsreport/jsreport-core/lib/worker/render/executeEngine.js:310:33)
  at async engine.engine (/home/ruby/workspace/React_RoR/jsreportapp/node_modules/@jsreport/jsreport-core/lib/worker/render/executeEngine.js:115:14)
  at async invokeRender (/home/ruby/workspace/React_RoR/jsreportapp/node_modules/@jsreport/jsreport-core/lib/worker/render/render.js:61:23)
  at async WorkerReporter._render (/home/ruby/workspace/React_RoR/jsreportapp/node_modules/@jsreport/jsreport-core/lib/worker/render/render.js:142:7)
  at async /home/ruby/workspace/React_RoR/jsreportapp/node_modules/@jsreport/jsreport-core/lib/worker/reporter.js:224:19
  at async processAndResponse (/home/ruby/workspace/React_RoR/jsreportapp/node_modules/@jsreport/advanced-workers/lib/workerHandler.js:41:17) rootId=wl3t7ewd6arn7kv, id=wl3t7ewd6arn7kv
2024-01-12T15:47:16.512Z - warn: Rendering request 2 finished with error in 291 ms rootId=wl3t7ewd6arn7kv, id=wl3t7ewd6arn7kv
2024-01-12T15:49:44.386Z - info: Render request 3 queued for execution and waiting for available worker rootId=41v4w5mr1t3h2ur, id=41v4w5mr1t3h2ur
2024-01-12T15:49:44.395Z - info: Starting rendering request 3 rootId=41v4w5mr1t3h2ur, id=41v4w5mr1t3h2ur
2024-01-12T15:49:44.396Z - info: Rendering template { name: orders-main, recipe: chrome-pdf, engine: handlebars, preview: true } rootId=41v4w5mr1t3h2ur, id=41v4w5mr1t3h2ur
2024-01-12T15:49:44.408Z - warn: Error when processing render request 3
(because) error when evaluating custom script /samples/Orders/orders-script
require of "https" module has been blocked. To be able to require custom modules you need to add to configuration { "trustUserCode": true } or enable just specific module using { sandbox: { allowedModules": ["https"] }

(sandbox.js line 2:15)

  1 | // server side script fetching remote data and preparing report data source
> 2 | const https = require('https');
    |               ^
  3 |
  4 | // call remote http rest api
  5 | function fetchOrders() {


Error: require of "https" module has been blocked. To be able to require custom modules you need to add to configuration { "trustUserCode": true } or enable just specific module using { sandbox: { allowedModules": ["https"] }
  at sandboxRequire (/home/ruby/workspace/React_RoR/jsreportapp/node_modules/@jsreport/jsreport-core/lib/worker/sandbox/requireSandbox.js:53:19)
  at Object.require (/home/ruby/workspace/React_RoR/jsreportapp/node_modules/@jsreport/jsreport-core/lib/worker/sandbox/createSandbox.js:89:30)
  at eval (sandbox.js:2:15)
  at async run (/home/ruby/workspace/React_RoR/jsreportapp/node_modules/@jsreport/jsreport-core/lib/worker/sandbox/createSandbox.js:132:18)
  at async WorkerReporter.runInSandbox [as _runInSandbox] (/home/ruby/workspace/React_RoR/jsreportapp/node_modules/@jsreport/jsreport-core/lib/worker/sandbox/runInSandbox.js:195:14)
  at async executeScript (/home/ruby/workspace/React_RoR/jsreportapp/node_modules/@jsreport/jsreport-scripts/lib/executeScript.js:122:12)
  at async Scripts._runScript (/home/ruby/workspace/React_RoR/jsreportapp/node_modules/@jsreport/jsreport-scripts/lib/worker.js:140:30)
  at async Scripts.handleBeforeRender (/home/ruby/workspace/React_RoR/jsreportapp/node_modules/@jsreport/jsreport-scripts/lib/worker.js:64:7)
  at async ListenerCollection.fire (/home/ruby/workspace/React_RoR/jsreportapp/node_modules/@jsreport/jsreport-core/lib/shared/listenerCollection.js:157:21)
  at async beforeRender (/home/ruby/workspace/React_RoR/jsreportapp/node_modules/@jsreport/jsreport-core/lib/worker/render/render.js:24:5)
  at async WorkerReporter._render (/home/ruby/workspace/React_RoR/jsreportapp/node_modules/@jsreport/jsreport-core/lib/worker/render/render.js:141:7)
  at async /home/ruby/workspace/React_RoR/jsreportapp/node_modules/@jsreport/jsreport-core/lib/worker/reporter.js:224:19
  at async processAndResponse (/home/ruby/workspace/React_RoR/jsreportapp/node_modules/@jsreport/advanced-workers/lib/workerHandler.js:41:17) rootId=41v4w5mr1t3h2ur, id=41v4w5mr1t3h2ur
2024-01-12T15:49:44.409Z - warn: Rendering request 3 finished with error in 23 ms rootId=41v4w5mr1t3h2ur, id=41v4w5mr1t3h2ur
2024-01-12T15:50:04.189Z - info: Render request 4 queued for execution and waiting for available worker rootId=4qvrz94tmlzglos, id=4qvrz94tmlzglos
2024-01-12T15:50:04.197Z - info: Starting rendering request 4 rootId=4qvrz94tmlzglos, id=4qvrz94tmlzglos
2024-01-12T15:50:04.197Z - info: Rendering template { name: activities-users-main, recipe: chrome-pdf, engine: handlebars, preview: true } rootId=4qvrz94tmlzglos, id=4qvrz94tmlzglos
2024-01-12T15:50:04.241Z - warn: Error when processing render request 4
(because) error when evaluating engine handlebars for template /Stillhigher/activities-users-main
(because) "pdfCreatePagesGroup" helper call failed
(because) "pdfCreatePagesGroup" was called with undefined parameter. One parameter was expected.

(sandbox.js line 3086:18)
Error: "pdfCreatePagesGroup" helper call failed
(because) "pdfCreatePagesGroup" was called with undefined parameter. One parameter was expected.
  at module.exports (/home/ruby/workspace/React_RoR/jsreportapp/node_modules/@jsreport/jsreport-core/lib/shared/createError.js:10:13)
  at WorkerReporter.createError (/home/ruby/workspace/React_RoR/jsreportapp/node_modules/@jsreport/jsreport-core/lib/shared/reporter.js:49:12)
  at getEnhancedHelperError (/home/ruby/workspace/React_RoR/jsreportapp/node_modules/@jsreport/jsreport-core/lib/worker/render/executeEngine.js:364:54)
  at Object.<anonymous> (/home/ruby/workspace/React_RoR/jsreportapp/node_modules/@jsreport/jsreport-core/lib/worker/render/executeEngine.js:370:15)
  at Object.<anonymous> (/home/ruby/workspace/React_RoR/jsreportapp/node_modules/@jsreport/jsreport-core/lib/worker/render/executeEngine.js:347:27)
  at Object.wrapper (/home/ruby/workspace/React_RoR/jsreportapp/node_modules/handlebars/dist/cjs/handlebars/internal/wrapHelper.js:15:19)
  at Object.main (eval at <anonymous> (eval at makeEvaluate (/home/ruby/workspace/React_RoR/jsreportapp/node_modules/@jsreport/ses/index.js:6142:27)), <anonymous>:14:155)
  at main (/home/ruby/workspace/React_RoR/jsreportapp/node_modules/handlebars/dist/cjs/handlebars/runtime.js:208:32)
  at ret (/home/ruby/workspace/React_RoR/jsreportapp/node_modules/handlebars/dist/cjs/handlebars/runtime.js:212:12)
  at Object.execute (/home/ruby/workspace/React_RoR/jsreportapp/node_modules/@jsreport/jsreport-handlebars/lib/handlebarsEngine.js:80:14)
  at Object.execute (/home/ruby/workspace/React_RoR/jsreportapp/node_modules/@jsreport/jsreport-handlebars/lib/worker.js:27:43)
  at executionFn (/home/ruby/workspace/React_RoR/jsreportapp/node_modules/@jsreport/jsreport-core/lib/worker/render/executeEngine.js:222:40)
  at eval (sandbox.js:3086:18)
  at async run (/home/ruby/workspace/React_RoR/jsreportapp/node_modules/@jsreport/jsreport-core/lib/worker/sandbox/createSandbox.js:132:18)
  at async WorkerReporter.runInSandbox [as _runInSandbox] (/home/ruby/workspace/React_RoR/jsreportapp/node_modules/@jsreport/jsreport-core/lib/worker/sandbox/runInSandbox.js:195:14)
  at async executeEngine (/home/ruby/workspace/React_RoR/jsreportapp/node_modules/@jsreport/jsreport-core/lib/worker/render/executeEngine.js:287:14)
wrapped by:
Error: Error when evaluating engine handlebars for template /Stillhigher/activities-users-main
(because) "pdfCreatePagesGroup" helper call failed
(because) "pdfCreatePagesGroup" was called with undefined parameter. One parameter was expected.
  at module.exports (/home/ruby/workspace/React_RoR/jsreportapp/node_modules/@jsreport/jsreport-core/lib/shared/createError.js:10:13)
  at WorkerReporter.createError (/home/ruby/workspace/React_RoR/jsreportapp/node_modules/@jsreport/jsreport-core/lib/shared/reporter.js:49:12)
  at executeEngine (/home/ruby/workspace/React_RoR/jsreportapp/node_modules/@jsreport/jsreport-core/lib/worker/render/executeEngine.js:310:33)
  at async engine.engine (/home/ruby/workspace/React_RoR/jsreportapp/node_modules/@jsreport/jsreport-core/lib/worker/render/executeEngine.js:115:14)
  at async invokeRender (/home/ruby/workspace/React_RoR/jsreportapp/node_modules/@jsreport/jsreport-core/lib/worker/render/render.js:61:23)
  at async WorkerReporter._render (/home/ruby/workspace/React_RoR/jsreportapp/node_modules/@jsreport/jsreport-core/lib/worker/render/render.js:142:7)
  at async /home/ruby/workspace/React_RoR/jsreportapp/node_modules/@jsreport/jsreport-core/lib/worker/reporter.js:224:19
  at async processAndResponse (/home/ruby/workspace/React_RoR/jsreportapp/node_modules/@jsreport/advanced-workers/lib/workerHandler.js:41:17) rootId=4qvrz94tmlzglos, id=4qvrz94tmlzglos
2024-01-12T15:50:04.241Z - warn: Rendering request 4 finished with error in 52 ms rootId=4qvrz94tmlzglos, id=4qvrz94tmlzglos
2024-01-12T15:50:32.313Z - info: Render request 5 queued for execution and waiting for available worker rootId=cq2lg2dxnivsng3, id=cq2lg2dxnivsng3
2024-01-12T15:50:32.322Z - info: Starting rendering request 5 rootId=cq2lg2dxnivsng3, id=cq2lg2dxnivsng3
2024-01-12T15:50:32.322Z - info: Rendering template { name: orders-main, recipe: chrome-pdf, engine: handlebars, preview: true } rootId=cq2lg2dxnivsng3, id=cq2lg2dxnivsng3
2024-01-12T15:50:32.326Z - warn: Error when processing render request 5
(because) error when evaluating custom script /samples/Orders/orders-script
require of "https" module has been blocked. To be able to require custom modules you need to add to configuration { "trustUserCode": true } or enable just specific module using { sandbox: { allowedModules": ["https"] }

(sandbox.js line 2:15)

  1 | // server side script fetching remote data and preparing report data source
> 2 | const https = require('https');
    |               ^
  3 |
  4 | // call remote http rest api
  5 | function fetchOrders() {


Error: require of "https" module has been blocked. To be able to require custom modules you need to add to configuration { "trustUserCode": true } or enable just specific module using { sandbox: { allowedModules": ["https"] }
  at sandboxRequire (/home/ruby/workspace/React_RoR/jsreportapp/node_modules/@jsreport/jsreport-core/lib/worker/sandbox/requireSandbox.js:53:19)
  at Object.require (/home/ruby/workspace/React_RoR/jsreportapp/node_modules/@jsreport/jsreport-core/lib/worker/sandbox/createSandbox.js:89:30)
  at eval (sandbox.js:2:15)
  at async run (/home/ruby/workspace/React_RoR/jsreportapp/node_modules/@jsreport/jsreport-core/lib/worker/sandbox/createSandbox.js:132:18)
  at async WorkerReporter.runInSandbox [as _runInSandbox] (/home/ruby/workspace/React_RoR/jsreportapp/node_modules/@jsreport/jsreport-core/lib/worker/sandbox/runInSandbox.js:195:14)
  at async executeScript (/home/ruby/workspace/React_RoR/jsreportapp/node_modules/@jsreport/jsreport-scripts/lib/executeScript.js:122:12)
  at async Scripts._runScript (/home/ruby/workspace/React_RoR/jsreportapp/node_modules/@jsreport/jsreport-scripts/lib/worker.js:140:30)
  at async Scripts.handleBeforeRender (/home/ruby/workspace/React_RoR/jsreportapp/node_modules/@jsreport/jsreport-scripts/lib/worker.js:64:7)
  at async ListenerCollection.fire (/home/ruby/workspace/React_RoR/jsreportapp/node_modules/@jsreport/jsreport-core/lib/shared/listenerCollection.js:157:21)
  at async beforeRender (/home/ruby/workspace/React_RoR/jsreportapp/node_modules/@jsreport/jsreport-core/lib/worker/render/render.js:24:5)
  at async WorkerReporter._render (/home/ruby/workspace/React_RoR/jsreportapp/node_modules/@jsreport/jsreport-core/lib/worker/render/render.js:141:7)
  at async /home/ruby/workspace/React_RoR/jsreportapp/node_modules/@jsreport/jsreport-core/lib/worker/reporter.js:224:19
  at async processAndResponse (/home/ruby/workspace/React_RoR/jsreportapp/node_modules/@jsreport/advanced-workers/lib/workerHandler.js:41:17) rootId=cq2lg2dxnivsng3, id=cq2lg2dxnivsng3
2024-01-12T15:50:32.327Z - warn: Rendering request 5 finished with error in 13 ms rootId=cq2lg2dxnivsng3, id=cq2lg2dxnivsng3
2024-01-12T15:50:52.972Z - info: Initializing jsreport (version: 4.2.0, configuration file: jsreport.config.json, nodejs: 20.9.0)
2024-01-12T15:50:52.974Z - info: Searching for available extensions in /home/ruby/workspace/React_RoR/jsreportapp/
2024-01-12T15:50:52.978Z - info: Extensions location cache contains up to date information, skipping crawling in /home/ruby/workspace/React_RoR/jsreportapp/
2024-01-12T15:50:52.979Z - info: Found 35 extension(s)
2024-01-12T15:50:53.018Z - info: Using extension base@4.0.0
2024-01-12T15:50:53.021Z - info: Using extension child-templates@4.0.0
2024-01-12T15:50:53.023Z - info: Using extension cli@4.0.2
2024-01-12T15:50:53.023Z - info: Using extension components@4.0.0
2024-01-12T15:50:53.024Z - info: Using extension data@4.0.0
2024-01-12T15:50:53.025Z - info: Using extension express@4.0.1
2024-01-12T15:50:53.102Z - info: Using extension freeze@4.0.0
2024-01-12T15:50:53.103Z - info: Using extension fs-store@4.0.1
2024-01-12T15:50:53.136Z - info: Using extension handlebars@4.0.1
2024-01-12T15:50:53.136Z - info: Using extension import-export@4.0.2
2024-01-12T15:50:53.140Z - info: Using extension jsrender@4.0.0
2024-01-12T15:50:53.140Z - info: Using extension licensing@4.0.1
2024-01-12T15:50:53.143Z - info: Using extension localization@4.0.1
2024-01-12T15:50:53.143Z - info: Using extension npm@4.0.0
2024-01-12T15:50:53.147Z - info: Using extension pdf-utils@4.0.2
2024-01-12T15:50:53.148Z - info: Using extension reports@4.0.0
2024-01-12T15:50:53.149Z - info: Using extension tags@4.0.1
2024-01-12T15:50:53.150Z - info: Using extension text@4.0.0
2024-01-12T15:50:53.151Z - info: Using extension version-control@4.0.0
2024-01-12T15:50:53.156Z - info: Using extension assets@4.0.2
2024-01-12T15:50:53.159Z - info: Using extension authorization@4.0.0
2024-01-12T15:50:53.161Z - info: Using extension browser-client@4.0.0
2024-01-12T15:50:53.162Z - info: Using extension chrome-pdf@4.0.0
2024-01-12T15:50:53.163Z - info: Using extension docx@4.1.1
2024-01-12T15:50:53.164Z - info: Using extension html-to-xlsx@4.0.1
2024-01-12T15:50:53.272Z - info: html-to-xlsx detected chrome as available html engine
2024-01-12T15:50:53.273Z - info: Using extension pptx@4.1.0
2024-01-12T15:50:53.274Z - info: Using extension scheduling@4.0.0
2024-01-12T15:50:53.288Z - info: Using extension scripts@4.0.0
2024-01-12T15:50:53.288Z - info: Using extension static-pdf@4.0.0
2024-01-12T15:50:53.289Z - info: Using extension studio@4.0.2
2024-01-12T15:50:53.319Z - info: Using extension xlsx@4.0.2
2024-01-12T15:50:53.320Z - info: Using extension public-templates@4.0.0
2024-01-12T15:50:53.321Z - info: Using extension sample-template@4.0.0
2024-01-12T15:50:53.322Z - info: Using extension studio-theme-dark@4.0.0
2024-01-12T15:50:53.323Z - info: Code sandboxing is disabled, users can potentially penetrate the local system if you allow code from external users to be part of your reports
2024-01-12T15:50:53.323Z - info: Using general timeout for rendering (reportTimeout: 60000)
2024-01-12T15:50:53.323Z - info: Using fs provider for template store.
2024-01-12T15:50:53.326Z - info: fs store is persisting using fs for /home/ruby/workspace/React_RoR/jsreportapp/data
2024-01-12T15:50:53.330Z - info: fs store is loading data
2024-01-12T15:50:53.351Z - info: fs store is initialized successfully
2024-01-12T15:50:53.358Z - info: Creating default express app.
2024-01-12T15:50:53.367Z - info: jsreport server successfully started on http port: 5488
2024-01-12T15:50:53.367Z - info: Verifying license key free
2024-01-12T15:50:53.368Z - info: Using free license
2024-01-12T15:50:53.370Z - info: Initializing worker threads
2024-01-12T15:50:53.467Z - info: 2 worker threads initialized in 97ms
2024-01-12T15:50:53.467Z - info: Starting temp files cleanup with 180000ms threshold
2024-01-12T15:50:53.467Z - info: reporter initialized
2024-01-12T15:51:07.935Z - info: Render request 1 queued for execution and waiting for available worker rootId=8f20mliqdsupcdt, id=8f20mliqdsupcdt
2024-01-12T15:51:07.959Z - info: Starting rendering request 1 rootId=8f20mliqdsupcdt, id=8f20mliqdsupcdt
2024-01-12T15:51:07.959Z - info: Rendering template { name: orders-main, recipe: chrome-pdf, engine: handlebars, preview: true } rootId=8f20mliqdsupcdt, id=8f20mliqdsupcdt
2024-01-12T15:51:10.385Z - info: pdf-utils is starting pdf processing rootId=8f20mliqdsupcdt, id=8f20mliqdsupcdt
2024-01-12T15:51:10.392Z - info: Starting rendering (child) request rootId=8f20mliqdsupcdt, id=uamawjh6zbndzbc
2024-01-12T15:51:10.392Z - info: Rendering template { name: orders-header, recipe: chrome-pdf, engine: handlebars, preview: true } rootId=8f20mliqdsupcdt, id=uamawjh6zbndzbc
2024-01-12T15:51:10.540Z - info: Rendering (child) request finished in 2574 ms rootId=8f20mliqdsupcdt, id=uamawjh6zbndzbc
2024-01-12T15:51:10.541Z - info: pdf-utils pdf processing was finished rootId=8f20mliqdsupcdt, id=8f20mliqdsupcdt
2024-01-12T15:51:10.541Z - info: Rendering request 1 finished in 2607 ms rootId=8f20mliqdsupcdt, id=8f20mliqdsupcdt
2024-01-12T15:51:14.023Z - info: Render request 2 queued for execution and waiting for available worker rootId=qhsavqyli5ue1vh, id=qhsavqyli5ue1vh
2024-01-12T15:51:14.048Z - info: Starting rendering request 2 rootId=qhsavqyli5ue1vh, id=qhsavqyli5ue1vh
2024-01-12T15:51:14.049Z - info: Rendering template { name: activities-users-main, recipe: chrome-pdf, engine: handlebars, preview: true } rootId=qhsavqyli5ue1vh, id=qhsavqyli5ue1vh
2024-01-12T15:51:14.267Z - warn: Error when processing render request 2
(because) error when evaluating engine handlebars for template /Stillhigher/activities-users-main
(because) "pdfCreatePagesGroup" helper call failed
(because) "pdfCreatePagesGroup" was called with undefined parameter. One parameter was expected.
Error: "pdfCreatePagesGroup" helper call failed
(because) "pdfCreatePagesGroup" was called with undefined parameter. One parameter was expected.
    at module.exports (/home/ruby/workspace/React_RoR/jsreportapp/node_modules/@jsreport/jsreport-core/lib/shared/createError.js:10:13)
    at WorkerReporter.createError (/home/ruby/workspace/React_RoR/jsreportapp/node_modules/@jsreport/jsreport-core/lib/shared/reporter.js:49:12)
    at getEnhancedHelperError (/home/ruby/workspace/React_RoR/jsreportapp/node_modules/@jsreport/jsreport-core/lib/worker/render/executeEngine.js:364:54)
    at Object.<anonymous> (/home/ruby/workspace/React_RoR/jsreportapp/node_modules/@jsreport/jsreport-core/lib/worker/render/executeEngine.js:370:15)
    at Object.<anonymous> (/home/ruby/workspace/React_RoR/jsreportapp/node_modules/@jsreport/jsreport-core/lib/worker/render/executeEngine.js:347:27)
    at Object.wrapper (/home/ruby/workspace/React_RoR/jsreportapp/node_modules/handlebars/dist/cjs/handlebars/internal/wrapHelper.js:15:19)
    at Object.main (eval at compile (/home/ruby/workspace/React_RoR/jsreportapp/node_modules/@jsreport/jsreport-handlebars/lib/handlebarsEngine.js:35:30), <anonymous>:14:155)
    at main (/home/ruby/workspace/React_RoR/jsreportapp/node_modules/handlebars/dist/cjs/handlebars/runtime.js:208:32)
    at ret (/home/ruby/workspace/React_RoR/jsreportapp/node_modules/handlebars/dist/cjs/handlebars/runtime.js:212:12)
    at Object.execute (/home/ruby/workspace/React_RoR/jsreportapp/node_modules/@jsreport/jsreport-handlebars/lib/handlebarsEngine.js:80:14)
wrapped by:
Error: Error when evaluating engine handlebars for template /Stillhigher/activities-users-main
(because) "pdfCreatePagesGroup" helper call failed
(because) "pdfCreatePagesGroup" was called with undefined parameter. One parameter was expected.
    at module.exports (/home/ruby/workspace/React_RoR/jsreportapp/node_modules/@jsreport/jsreport-core/lib/shared/createError.js:10:13)
    at WorkerReporter.createError (/home/ruby/workspace/React_RoR/jsreportapp/node_modules/@jsreport/jsreport-core/lib/shared/reporter.js:49:12)
    at executeEngine (/home/ruby/workspace/React_RoR/jsreportapp/node_modules/@jsreport/jsreport-core/lib/worker/render/executeEngine.js:310:33)
    at async engine.engine (/home/ruby/workspace/React_RoR/jsreportapp/node_modules/@jsreport/jsreport-core/lib/worker/render/executeEngine.js:115:14)
    at async invokeRender (/home/ruby/workspace/React_RoR/jsreportapp/node_modules/@jsreport/jsreport-core/lib/worker/render/render.js:61:23)
    at async WorkerReporter._render (/home/ruby/workspace/React_RoR/jsreportapp/node_modules/@jsreport/jsreport-core/lib/worker/render/render.js:142:7)
    at async /home/ruby/workspace/React_RoR/jsreportapp/node_modules/@jsreport/jsreport-core/lib/worker/reporter.js:224:19
    at async processAndResponse (/home/ruby/workspace/React_RoR/jsreportapp/node_modules/@jsreport/advanced-workers/lib/workerHandler.js:41:17) rootId=qhsavqyli5ue1vh, id=qhsavqyli5ue1vh
2024-01-12T15:51:14.267Z - warn: Rendering request 2 finished with error in 245 ms rootId=qhsavqyli5ue1vh, id=qhsavqyli5ue1vh
2024-01-12T15:52:04.486Z - info: Render request 3 queued for execution and waiting for available worker rootId=x4r8x9uarmr29hy, id=x4r8x9uarmr29hy
2024-01-12T15:52:04.494Z - info: Starting rendering request 3 rootId=x4r8x9uarmr29hy, id=x4r8x9uarmr29hy
2024-01-12T15:52:04.494Z - info: Rendering template { name: activities-users-main, recipe: chrome-pdf, engine: handlebars, preview: true } rootId=x4r8x9uarmr29hy, id=x4r8x9uarmr29hy
2024-01-12T15:52:04.563Z - info: Rendering request 3 finished in 75 ms rootId=x4r8x9uarmr29hy, id=x4r8x9uarmr29hy
2024-01-12T15:52:27.374Z - info: Render request 4 queued for execution and waiting for available worker rootId=7ybzqil6tqp5drk, id=7ybzqil6tqp5drk
2024-01-12T15:52:27.381Z - info: Starting rendering request 4 rootId=7ybzqil6tqp5drk, id=7ybzqil6tqp5drk
2024-01-12T15:52:27.382Z - info: Rendering template { name: activities-users-main, recipe: chrome-pdf, engine: handlebars, preview: true } rootId=7ybzqil6tqp5drk, id=7ybzqil6tqp5drk
2024-01-12T15:52:27.874Z - info: Rendering request 4 finished in 500 ms rootId=7ybzqil6tqp5drk, id=7ybzqil6tqp5drk
2024-01-12T15:52:31.146Z - info: Render request 5 queued for execution and waiting for available worker rootId=0xwl8ro590fc0t8, id=0xwl8ro590fc0t8
2024-01-12T15:52:31.152Z - info: Starting rendering request 5 rootId=0xwl8ro590fc0t8, id=0xwl8ro590fc0t8
2024-01-12T15:52:31.152Z - info: Rendering template { name: activities-users-main, recipe: chrome-pdf, engine: handlebars, preview: true } rootId=0xwl8ro590fc0t8, id=0xwl8ro590fc0t8
2024-01-12T15:52:31.214Z - info: Rendering request 5 finished in 67 ms rootId=0xwl8ro590fc0t8, id=0xwl8ro590fc0t8
2024-01-12T15:52:31.803Z - info: Render request 6 queued for execution and waiting for available worker rootId=mc88gl6slbk2iqk, id=mc88gl6slbk2iqk
2024-01-12T15:52:31.811Z - info: Starting rendering request 6 rootId=mc88gl6slbk2iqk, id=mc88gl6slbk2iqk
2024-01-12T15:52:31.811Z - info: Rendering template { name: activities-users-main, recipe: chrome-pdf, engine: handlebars, preview: true } rootId=mc88gl6slbk2iqk, id=mc88gl6slbk2iqk
2024-01-12T15:52:31.878Z - info: Rendering request 6 finished in 74 ms rootId=mc88gl6slbk2iqk, id=mc88gl6slbk2iqk
2024-01-12T15:52:32.227Z - info: Render request 7 queued for execution and waiting for available worker rootId=bdkb5ht9cc234q0, id=bdkb5ht9cc234q0
2024-01-12T15:52:32.235Z - info: Starting rendering request 7 rootId=bdkb5ht9cc234q0, id=bdkb5ht9cc234q0
2024-01-12T15:52:32.235Z - info: Rendering template { name: activities-users-main, recipe: chrome-pdf, engine: handlebars, preview: true } rootId=bdkb5ht9cc234q0, id=bdkb5ht9cc234q0
2024-01-12T15:52:32.297Z - info: Rendering request 7 finished in 69 ms rootId=bdkb5ht9cc234q0, id=bdkb5ht9cc234q0
2024-01-12T15:52:32.797Z - info: Render request 8 queued for execution and waiting for available worker rootId=dbne3jz7jrwixl0, id=dbne3jz7jrwixl0
2024-01-12T15:52:32.803Z - info: Starting rendering request 8 rootId=dbne3jz7jrwixl0, id=dbne3jz7jrwixl0
2024-01-12T15:52:32.803Z - info: Rendering template { name: activities-users-main, recipe: chrome-pdf, engine: handlebars, preview: true } rootId=dbne3jz7jrwixl0, id=dbne3jz7jrwixl0
2024-01-12T15:52:32.862Z - info: Rendering request 8 finished in 65 ms rootId=dbne3jz7jrwixl0, id=dbne3jz7jrwixl0
2024-01-12T15:52:33.254Z - info: Render request 9 queued for execution and waiting for available worker rootId=o7ibb8y4j1frjjh, id=o7ibb8y4j1frjjh
2024-01-12T15:52:33.261Z - info: Starting rendering request 9 rootId=o7ibb8y4j1frjjh, id=o7ibb8y4j1frjjh
2024-01-12T15:52:33.262Z - info: Rendering template { name: activities-users-main, recipe: chrome-pdf, engine: handlebars, preview: true } rootId=o7ibb8y4j1frjjh, id=o7ibb8y4j1frjjh
2024-01-12T15:52:33.322Z - info: Rendering request 9 finished in 68 ms rootId=o7ibb8y4j1frjjh, id=o7ibb8y4j1frjjh
2024-01-12T15:53:49.813Z - info: Render request 10 queued for execution and waiting for available worker rootId=q7an66y5aug8y93, id=q7an66y5aug8y93
2024-01-12T15:53:49.820Z - info: Starting rendering request 10 rootId=q7an66y5aug8y93, id=q7an66y5aug8y93
2024-01-12T15:53:49.820Z - info: Rendering template { name: activities-users-main, recipe: chrome-pdf, engine: handlebars, preview: true } rootId=q7an66y5aug8y93, id=q7an66y5aug8y93
2024-01-12T15:53:49.883Z - info: Rendering request 10 finished in 68 ms rootId=q7an66y5aug8y93, id=q7an66y5aug8y93
2024-01-12T15:53:54.009Z - info: Render request 11 queued for execution and waiting for available worker rootId=s21rmr4uyz22y5i, id=s21rmr4uyz22y5i
2024-01-12T15:53:54.016Z - info: Starting rendering request 11 rootId=s21rmr4uyz22y5i, id=s21rmr4uyz22y5i
2024-01-12T15:53:54.016Z - info: Rendering template { name: activities-users-main, recipe: chrome-pdf, engine: handlebars, preview: true } rootId=s21rmr4uyz22y5i, id=s21rmr4uyz22y5i
2024-01-12T15:53:54.078Z - info: Rendering request 11 finished in 67 ms rootId=s21rmr4uyz22y5i, id=s21rmr4uyz22y5i
2024-01-12T15:55:15.715Z - info: Render request 12 queued for execution and waiting for available worker rootId=n1hc58siqtj39cq, id=n1hc58siqtj39cq
2024-01-12T15:55:15.722Z - info: Starting rendering request 12 rootId=n1hc58siqtj39cq, id=n1hc58siqtj39cq
2024-01-12T15:55:15.722Z - info: Rendering template { name: activities-users-main, recipe: chrome-pdf, engine: handlebars, preview: true } rootId=n1hc58siqtj39cq, id=n1hc58siqtj39cq
2024-01-12T15:55:15.787Z - info: Rendering request 12 finished in 71 ms rootId=n1hc58siqtj39cq, id=n1hc58siqtj39cq
2024-01-12T15:55:28.510Z - info: Render request 13 queued for execution and waiting for available worker rootId=lnz3klkw2zb77lw, id=lnz3klkw2zb77lw
2024-01-12T15:55:28.516Z - info: Starting rendering request 13 rootId=lnz3klkw2zb77lw, id=lnz3klkw2zb77lw
2024-01-12T15:55:28.517Z - info: Rendering template { name: activities-users-main, recipe: chrome-pdf, engine: handlebars, preview: true } rootId=lnz3klkw2zb77lw, id=lnz3klkw2zb77lw
2024-01-12T15:55:28.579Z - info: Rendering request 13 finished in 68 ms rootId=lnz3klkw2zb77lw, id=lnz3klkw2zb77lw
2024-01-12T15:55:33.501Z - info: Render request 14 queued for execution and waiting for available worker rootId=q4cwre1lw3lq3ug, id=q4cwre1lw3lq3ug
2024-01-12T15:55:33.506Z - info: Starting rendering request 14 rootId=q4cwre1lw3lq3ug, id=q4cwre1lw3lq3ug
2024-01-12T15:55:33.507Z - info: Rendering template { name: activities-users-main, recipe: chrome-pdf, engine: handlebars, preview: true } rootId=q4cwre1lw3lq3ug, id=q4cwre1lw3lq3ug
2024-01-12T15:55:33.570Z - info: Rendering request 14 finished in 68 ms rootId=q4cwre1lw3lq3ug, id=q4cwre1lw3lq3ug
2024-01-12T15:56:22.926Z - info: Render request 15 queued for execution and waiting for available worker rootId=5k86sy4yk44zs5l, id=5k86sy4yk44zs5l
2024-01-12T15:56:22.931Z - info: Starting rendering request 15 rootId=5k86sy4yk44zs5l, id=5k86sy4yk44zs5l
2024-01-12T15:56:22.932Z - info: Rendering template { name: activities-users-main, recipe: chrome-pdf, engine: handlebars, preview: true } rootId=5k86sy4yk44zs5l, id=5k86sy4yk44zs5l
2024-01-12T15:56:22.996Z - info: Rendering request 15 finished in 71 ms rootId=5k86sy4yk44zs5l, id=5k86sy4yk44zs5l
2024-01-12T15:57:41.241Z - info: Render request 16 queued for execution and waiting for available worker rootId=l3axna9um1j54fn, id=l3axna9um1j54fn
2024-01-12T15:57:41.248Z - info: Starting rendering request 16 rootId=l3axna9um1j54fn, id=l3axna9um1j54fn
2024-01-12T15:57:41.248Z - info: Rendering template { name: activities-users-main, recipe: chrome-pdf, engine: handlebars, preview: true } rootId=l3axna9um1j54fn, id=l3axna9um1j54fn
2024-01-12T15:57:41.312Z - info: Rendering request 16 finished in 69 ms rootId=l3axna9um1j54fn, id=l3axna9um1j54fn
2024-01-12T15:59:25.274Z - info: Render request 17 queued for execution and waiting for available worker rootId=h5vx3etiglowp7r, id=h5vx3etiglowp7r
2024-01-12T15:59:25.281Z - info: Starting rendering request 17 rootId=h5vx3etiglowp7r, id=h5vx3etiglowp7r
2024-01-12T15:59:25.281Z - info: Rendering template { name: activities-users-main, recipe: chrome-pdf, engine: handlebars, preview: true } rootId=h5vx3etiglowp7r, id=h5vx3etiglowp7r
2024-01-12T15:59:25.290Z - warn: Error when processing render request 17
(because) error when evaluating custom script /Stillhigher/users-script
Protocol "http:" not supported. Expected "https:"

(sandbox.js line 7:15)

   5 |     console.log('hora');
   6 |     return new Promise((resolve, reject) => {
>  7 |         https.get('http://localhost:4000/api/v1/activities',
     |               ^
   8 |         (result) => {
   9 |             var str = '';
  10 |             result.on('data', (b) => str += b);

(sandbox.js line 6:12)

  4 | function fetchActivities() {
  5 |     console.log('hora');
> 6 |     return new Promise((resolve, reject) => {
    |            ^
  7 |         https.get('http://localhost:4000/api/v1/activities',
  8 |         (result) => {
  9 |             var str = '';

(sandbox.js line 52:33)

  50 | // add jsreport hook which modifies the report input data
  51 | async function beforeRender(req, res) {
> 52 |     req.data.activities = await fetchActivities();
     |                                 ^
  53 | }

(sandbox.js line 65:18)
TypeError [ERR_INVALID_PROTOCOL]: Protocol "http:" not supported. Expected "https:"
    at new NodeError (node:internal/errors:406:5)
    at new ClientRequest (node:_http_client:183:11)
    at request (node:https:378:10)
    at Object.get (node:https:412:15)
    at sandbox.js:7:15
    at new Promise (<anonymous>)
    at fetchActivities (sandbox.js:6:12)
    at Object.beforeRender (sandbox.js:52:33)
    at executionFn (/home/ruby/workspace/React_RoR/jsreportapp/node_modules/@jsreport/jsreport-scripts/lib/executeScript.js:67:35)
    at sandbox.js:65:18 rootId=h5vx3etiglowp7r, id=h5vx3etiglowp7r
2024-01-12T15:59:25.290Z - warn: Rendering request 17 finished with error in 16 ms rootId=h5vx3etiglowp7r, id=h5vx3etiglowp7r
2024-01-12T16:01:00.335Z - info: Render request 18 queued for execution and waiting for available worker rootId=t5kx2ky27yf7w0s, id=t5kx2ky27yf7w0s
2024-01-12T16:01:00.343Z - info: Starting rendering request 18 rootId=t5kx2ky27yf7w0s, id=t5kx2ky27yf7w0s
2024-01-12T16:01:00.344Z - info: Rendering template { name: activities-users-main, recipe: chrome-pdf, engine: handlebars, preview: true } rootId=t5kx2ky27yf7w0s, id=t5kx2ky27yf7w0s
2024-01-12T16:01:00.363Z - error: Report render failed
(because) write EPROTO 00274E0CFF7E0000:error:0A00010B:SSL routines:ssl3_get_record:wrong version number:../deps/openssl/openssl/ssl/record/ssl3_record.c:354:

Error: write EPROTO 00274E0CFF7E0000:error:0A00010B:SSL routines:ssl3_get_record:wrong version number:../deps/openssl/openssl/ssl/record/ssl3_record.c:354:

    at WriteWrap.onWriteComplete [as oncomplete] (node:internal/stream_base_commons:94:16) rootId=t5kx2ky27yf7w0s, id=t5kx2ky27yf7w0s
2024-01-12T16:01:01.264Z - info: Render request 19 queued for execution and waiting for available worker rootId=t44g86pusuf6san, id=t44g86pusuf6san
2024-01-12T16:01:01.274Z - info: Starting rendering request 19 rootId=t44g86pusuf6san, id=t44g86pusuf6san
2024-01-12T16:01:01.274Z - info: Rendering template { name: activities-users-main, recipe: chrome-pdf, engine: handlebars, preview: true } rootId=t44g86pusuf6san, id=t44g86pusuf6san
2024-01-12T16:01:01.382Z - error: Report render failed
(because) write EPROTO 00A73BE5FE7E0000:error:0A00010B:SSL routines:ssl3_get_record:wrong version number:../deps/openssl/openssl/ssl/record/ssl3_record.c:354:

Error: write EPROTO 00A73BE5FE7E0000:error:0A00010B:SSL routines:ssl3_get_record:wrong version number:../deps/openssl/openssl/ssl/record/ssl3_record.c:354:

    at WriteWrap.onWriteComplete [as oncomplete] (node:internal/stream_base_commons:94:16) rootId=t44g86pusuf6san, id=t44g86pusuf6san
2024-01-12T16:01:13.197Z - info: Render request 20 queued for execution and waiting for available worker rootId=rh7fe2pmlsbq847, id=rh7fe2pmlsbq847
2024-01-12T16:01:13.207Z - info: Starting rendering request 20 rootId=rh7fe2pmlsbq847, id=rh7fe2pmlsbq847
2024-01-12T16:01:13.207Z - info: Rendering template { name: activities-users-main, recipe: chrome-pdf, engine: handlebars, preview: true } rootId=rh7fe2pmlsbq847, id=rh7fe2pmlsbq847
2024-01-12T16:01:13.320Z - error: Report render failed
(because) write EPROTO 00274E0CFF7E0000:error:0A00010B:SSL routines:ssl3_get_record:wrong version number:../deps/openssl/openssl/ssl/record/ssl3_record.c:354:

Error: write EPROTO 00274E0CFF7E0000:error:0A00010B:SSL routines:ssl3_get_record:wrong version number:../deps/openssl/openssl/ssl/record/ssl3_record.c:354:

    at WriteWrap.onWriteComplete [as oncomplete] (node:internal/stream_base_commons:94:16) rootId=rh7fe2pmlsbq847, id=rh7fe2pmlsbq847
2024-01-12T16:01:13.940Z - info: Render request 21 queued for execution and waiting for available worker rootId=gjdhmzi8o7u9s9n, id=gjdhmzi8o7u9s9n
2024-01-12T16:01:13.951Z - info: Starting rendering request 21 rootId=gjdhmzi8o7u9s9n, id=gjdhmzi8o7u9s9n
2024-01-12T16:01:13.951Z - info: Rendering template { name: activities-users-main, recipe: chrome-pdf, engine: handlebars, preview: true } rootId=gjdhmzi8o7u9s9n, id=gjdhmzi8o7u9s9n
2024-01-12T16:01:14.061Z - error: Report render failed
(because) write EPROTO 00A73BE5FE7E0000:error:0A00010B:SSL routines:ssl3_get_record:wrong version number:../deps/openssl/openssl/ssl/record/ssl3_record.c:354:

Error: write EPROTO 00A73BE5FE7E0000:error:0A00010B:SSL routines:ssl3_get_record:wrong version number:../deps/openssl/openssl/ssl/record/ssl3_record.c:354:

    at WriteWrap.onWriteComplete [as oncomplete] (node:internal/stream_base_commons:94:16) rootId=gjdhmzi8o7u9s9n, id=gjdhmzi8o7u9s9n
2024-01-12T16:02:18.199Z - info: Render request 22 queued for execution and waiting for available worker rootId=zp0jwmspbyw856m, id=zp0jwmspbyw856m
2024-01-12T16:02:18.209Z - info: Starting rendering request 22 rootId=zp0jwmspbyw856m, id=zp0jwmspbyw856m
2024-01-12T16:02:18.209Z - info: Rendering template { name: activities-users-main, recipe: chrome-pdf, engine: handlebars, preview: true } rootId=zp0jwmspbyw856m, id=zp0jwmspbyw856m
2024-01-12T16:02:19.228Z - info: Rendering request 22 finished in 1029 ms rootId=zp0jwmspbyw856m, id=zp0jwmspbyw856m
2024-01-12T16:03:11.763Z - info: Render request 23 queued for execution and waiting for available worker rootId=4h43gafnsyproeq, id=4h43gafnsyproeq
2024-01-12T16:03:11.770Z - info: Starting rendering request 23 rootId=4h43gafnsyproeq, id=4h43gafnsyproeq
2024-01-12T16:03:11.771Z - info: Rendering template { name: activities-users-main, recipe: chrome-pdf, engine: handlebars, preview: true } rootId=4h43gafnsyproeq, id=4h43gafnsyproeq
2024-01-12T16:03:12.101Z - info: Rendering request 23 finished in 336 ms rootId=4h43gafnsyproeq, id=4h43gafnsyproeq
